==============================================
  Deploying Azure (AKS + Kubernetes Website + Database)
==============================================
Region: westus

[1/5] Terraform Init...
[0m[1mInitializing the backend...[0m
[0m[1mUpgrading modules...[0m
- aws in modules/aws
- azure in modules/azure
- gcp in modules/gcp
[0m[1mInitializing provider plugins...[0m
- Finding hashicorp/azurerm versions matching "~> 4.0"...
- Finding hashicorp/google versions matching "~> 6.0"...
- Finding hashicorp/kubernetes versions matching "~> 2.0"...
- Finding hashicorp/tls versions matching "~> 4.0"...
- Finding hashicorp/random versions matching "~> 3.0"...
- Finding hashicorp/aws versions matching "~> 5.0"...
- Using previously-installed hashicorp/kubernetes v2.38.0
- Using previously-installed hashicorp/tls v4.2.1
- Using previously-installed hashicorp/random v3.8.1
- Using previously-installed hashicorp/aws v5.100.0
- Using previously-installed hashicorp/azurerm v4.69.0
- Using previously-installed hashicorp/google v6.50.0

[0m[1m[32mTerraform has been successfully initialized![0m[32m[0m
[0m[32m
You may now begin working with Terraform. Try running "terraform plan" to see
any changes that are required for your infrastructure. All Terraform commands
should now work.

If you ever set or change modules or backend configuration for Terraform,
rerun this command to reinitialize your working directory. If you forget, other
commands will detect it and remind you to do so if necessary.[0m

[2/5] Terraform Apply...

Terraform used the selected providers to generate the following execution
plan. Resource actions are indicated with the following symbols:
  [32m+[0m create[0m

Terraform planned the following actions, but then encountered a problem:

[1m  # module.azure[0].azurerm_kubernetes_cluster.this[0m will be created
[0m  [32m+[0m[0m resource "azurerm_kubernetes_cluster" "this" {
      [32m+[0m[0m ai_toolchain_operator_enabled       = false
      [32m+[0m[0m current_kubernetes_version          = (known after apply)
      [32m+[0m[0m dns_prefix                          = "itp4121-multicloud-k8s-dns"
      [32m+[0m[0m fqdn                                = (known after apply)
      [32m+[0m[0m http_application_routing_zone_name  = (known after apply)
      [32m+[0m[0m id                                  = (known after apply)
      [32m+[0m[0m kube_admin_config                   = (sensitive value)
      [32m+[0m[0m kube_admin_config_raw               = (sensitive value)
      [32m+[0m[0m kube_config                         = (sensitive value)
      [32m+[0m[0m kube_config_raw                     = (sensitive value)
      [32m+[0m[0m kubernetes_version                  = (known after apply)
      [32m+[0m[0m location                            = "westus"
      [32m+[0m[0m name                                = "itp4121-multicloud-k8s-azure-aks"
      [32m+[0m[0m node_os_upgrade_channel             = "NodeImage"
      [32m+[0m[0m node_resource_group                 = (known after apply)
      [32m+[0m[0m node_resource_group_id              = (known after apply)
      [32m+[0m[0m oidc_issuer_enabled                 = (known after apply)
      [32m+[0m[0m oidc_issuer_url                     = (known after apply)
      [32m+[0m[0m portal_fqdn                         = (known after apply)
      [32m+[0m[0m private_cluster_enabled             = false
      [32m+[0m[0m private_cluster_public_fqdn_enabled = false
      [32m+[0m[0m private_dns_zone_id                 = (known after apply)
      [32m+[0m[0m private_fqdn                        = (known after apply)
      [32m+[0m[0m resource_group_name                 = "itp4121-multicloud-k8s-azure-rg"
      [32m+[0m[0m role_based_access_control_enabled   = true
      [32m+[0m[0m run_command_enabled                 = true
      [32m+[0m[0m sku_tier                            = "Free"
      [32m+[0m[0m support_plan                        = "KubernetesOfficial"
      [32m+[0m[0m workload_identity_enabled           = false

      [32m+[0m[0m auto_scaler_profile (known after apply)

      [32m+[0m[0m bootstrap_profile (known after apply)

      [32m+[0m[0m default_node_pool {
          [32m+[0m[0m auto_scaling_enabled = true
          [32m+[0m[0m kubelet_disk_type    = (known after apply)
          [32m+[0m[0m max_count            = 3
          [32m+[0m[0m max_pods             = (known after apply)
          [32m+[0m[0m min_count            = 1
          [32m+[0m[0m name                 = "system"
          [32m+[0m[0m node_count           = (known after apply)
          [32m+[0m[0m node_labels          = (known after apply)
          [32m+[0m[0m orchestrator_version = (known after apply)
          [32m+[0m[0m os_disk_size_gb      = (known after apply)
          [32m+[0m[0m os_disk_type         = "Managed"
          [32m+[0m[0m os_sku               = (known after apply)
          [32m+[0m[0m scale_down_mode      = "Delete"
          [32m+[0m[0m type                 = "VirtualMachineScaleSets"
          [32m+[0m[0m ultra_ssd_enabled    = false
          [32m+[0m[0m vm_size              = "Standard_DS2_v2"
          [32m+[0m[0m vnet_subnet_id       = (known after apply)
          [32m+[0m[0m workload_runtime     = (known after apply)
        }

      [32m+[0m[0m identity {
          [32m+[0m[0m principal_id = (known after apply)
          [32m+[0m[0m tenant_id    = (known after apply)
          [32m+[0m[0m type         = "SystemAssigned"
        }

      [32m+[0m[0m kubelet_identity (known after apply)

      [32m+[0m[0m network_profile {
          [32m+[0m[0m dns_service_ip     = (known after apply)
          [32m+[0m[0m ip_versions        = (known after apply)
          [32m+[0m[0m load_balancer_sku  = "standard"
          [32m+[0m[0m network_data_plane = "azure"
          [32m+[0m[0m network_mode       = (known after apply)
          [32m+[0m[0m network_plugin     = "azure"
          [32m+[0m[0m network_policy     = (known after apply)
          [32m+[0m[0m outbound_type      = "loadBalancer"
          [32m+[0m[0m pod_cidr           = (known after apply)
          [32m+[0m[0m pod_cidrs          = (known after apply)
          [32m+[0m[0m service_cidr       = (known after apply)
          [32m+[0m[0m service_cidrs      = (known after apply)

          [32m+[0m[0m load_balancer_profile (known after apply)

          [32m+[0m[0m nat_gateway_profile (known after apply)
        }

      [32m+[0m[0m node_provisioning_profile (known after apply)

      [32m+[0m[0m windows_profile (known after apply)
    }

[1m  # module.azure[0].azurerm_kubernetes_cluster_node_pool.secondary[0m will be created
[0m  [32m+[0m[0m resource "azurerm_kubernetes_cluster_node_pool" "secondary" {
      [32m+[0m[0m auto_scaling_enabled  = true
      [32m+[0m[0m id                    = (known after apply)
      [32m+[0m[0m kubelet_disk_type     = (known after apply)
      [32m+[0m[0m kubernetes_cluster_id = (known after apply)
      [32m+[0m[0m max_count             = 3
      [32m+[0m[0m max_pods              = (known after apply)
      [32m+[0m[0m min_count             = 1
      [32m+[0m[0m mode                  = "User"
      [32m+[0m[0m name                  = "secondary"
      [32m+[0m[0m node_count            = 1
      [32m+[0m[0m node_image_version    = (known after apply)
      [32m+[0m[0m node_labels           = (known after apply)
      [32m+[0m[0m orchestrator_version  = (known after apply)
      [32m+[0m[0m os_disk_size_gb       = (known after apply)
      [32m+[0m[0m os_disk_type          = "Managed"
      [32m+[0m[0m os_sku                = (known after apply)
      [32m+[0m[0m os_type               = "Linux"
      [32m+[0m[0m priority              = "Regular"
      [32m+[0m[0m scale_down_mode       = "Delete"
      [32m+[0m[0m spot_max_price        = -1
      [32m+[0m[0m ultra_ssd_enabled     = false
      [32m+[0m[0m vm_size               = "Standard_DS2_v2"
      [32m+[0m[0m vnet_subnet_id        = (known after apply)
    }

[1m  # module.azure[0].azurerm_resource_group.this[0m will be created
[0m  [32m+[0m[0m resource "azurerm_resource_group" "this" {
      [32m+[0m[0m id       = (known after apply)
      [32m+[0m[0m location = "westus"
      [32m+[0m[0m name     = "itp4121-multicloud-k8s-azure-rg"
    }

[1m  # module.azure[0].azurerm_subnet.aks[0m will be created
[0m  [32m+[0m[0m resource "azurerm_subnet" "aks" {
      [32m+[0m[0m address_prefixes                              = [
          [32m+[0m[0m "10.20.1.0/24",
        ]
      [32m+[0m[0m default_outbound_access_enabled               = true
      [32m+[0m[0m id                                            = (known after apply)
      [32m+[0m[0m name                                          = "itp4121-multicloud-k8s-azure-aks-subnet"
      [32m+[0m[0m private_endpoint_network_policies             = "Disabled"
      [32m+[0m[0m private_link_service_network_policies_enabled = true
      [32m+[0m[0m resource_group_name                           = "itp4121-multicloud-k8s-azure-rg"
      [32m+[0m[0m virtual_network_name                          = "itp4121-multicloud-k8s-azure-vnet"
    }

[1m  # module.azure[0].azurerm_subnet.aks_secondary[0m will be created
[0m  [32m+[0m[0m resource "azurerm_subnet" "aks_secondary" {
      [32m+[0m[0m address_prefixes                              = [
          [32m+[0m[0m "10.20.2.0/24",
        ]
      [32m+[0m[0m default_outbound_access_enabled               = true
      [32m+[0m[0m id                                            = (known after apply)
      [32m+[0m[0m name                                          = "itp4121-multicloud-k8s-azure-aks-subnet-2"
      [32m+[0m[0m private_endpoint_network_policies             = "Disabled"
      [32m+[0m[0m private_link_service_network_policies_enabled = true
      [32m+[0m[0m resource_group_name                           = "itp4121-multicloud-k8s-azure-rg"
      [32m+[0m[0m virtual_network_name                          = "itp4121-multicloud-k8s-azure-vnet"
    }

[1m  # module.azure[0].azurerm_virtual_network.this[0m will be created
[0m  [32m+[0m[0m resource "azurerm_virtual_network" "this" {
      [32m+[0m[0m address_space                  = [
          [32m+[0m[0m "10.20.0.0/16",
        ]
      [32m+[0m[0m dns_servers                    = (known after apply)
      [32m+[0m[0m guid                           = (known after apply)
      [32m+[0m[0m id                             = (known after apply)
      [32m+[0m[0m location                       = "westus"
      [32m+[0m[0m name                           = "itp4121-multicloud-k8s-azure-vnet"
      [32m+[0m[0m private_endpoint_vnet_policies = "Disabled"
      [32m+[0m[0m resource_group_name            = "itp4121-multicloud-k8s-azure-rg"
      [32m+[0m[0m subnet                         = (known after apply)
    }

[1mPlan:[0m [0m6 to add, 0 to change, 0 to destroy.

Changes to Outputs:
  [32m+[0m[0m azure_aks_cluster_name           = "itp4121-multicloud-k8s-azure-aks"
  [32m+[0m[0m azure_resource_group_name        = "itp4121-multicloud-k8s-azure-rg"
[31m╷[0m[0m
[31m│[0m [0m[1m[31mError: [0m[0m[1mRetrieving AWS account details: validating provider credentials: retrieving caller identity from STS: operation error STS: GetCallerIdentity, https response error StatusCode: 403, RequestID: ff98ab3d-ffbb-4411-abbd-f994e0c22514, api error InvalidClientTokenId: The security token included in the request is invalid[0m
[31m│[0m [0m
[31m│[0m [0m[0m  with provider["registry.terraform.io/hashicorp/aws"],
[31m│[0m [0m  on main.tf line 47, in provider "aws":
[31m│[0m [0m  47: provider "aws" [4m{[0m[0m
[31m│[0m [0m
[31m╵[0m[0m
[31m╷[0m[0m
[31m│[0m [0m[1m[31mError: [0m[0m[1mAttempted to load application default credentials since neither `credentials` nor `access_token` was set in the provider block.  No credentials loaded. To use your gcloud credentials, run 'gcloud auth application-default login'.  Original error: google: could not find default credentials. See https://cloud.google.com/docs/authentication/external/set-up-adc for more information[0m
[31m│[0m [0m
[31m│[0m [0m[0m  with provider["registry.terraform.io/hashicorp/google"],
[31m│[0m [0m  on main.tf line 51, in provider "google":
[31m│[0m [0m  51: provider "google" [4m{[0m[0m
[31m│[0m [0m
[31m╵[0m[0m
